#
# There is insufficient memory for the Java Runtime Environment to continue.
# Native memory allocation (malloc) failed to allocate 32744 bytes. Error detail: Chunk::new
# Possible reasons:
#   The system is out of physical RAM or swap space
#   This process is running with CompressedOops enabled, and the Java Heap may be blocking the growth of the native heap
# Possible solutions:
#   Reduce memory load on the system
#   Increase physical memory or swap space
#   Check if swap backing store is full
#   Decrease Java heap size (-Xmx/-Xms)
#   Decrease number of Java threads
#   Decrease Java thread stack sizes (-Xss)
#   Set larger code cache with -XX:ReservedCodeCacheSize=
#   JVM is running with Unscaled Compressed Oops mode in which the Java heap is
#     placed in the first 4GB address space. The Java Heap base address is the
#     maximum limit for the native heap growth. Please use -XX:HeapBaseMinAddress
#     to set the Java Heap base and to place the Java Heap above 4GB virtual address.
# This output file may be truncated or incomplete.
#
#  Out of Memory Error (arena.cpp:168), pid=25000, tid=2916
#
# JRE version: OpenJDK Runtime Environment Temurin-21.0.9+10 (21.0.9+10) (build 21.0.9+10-LTS)
# Java VM: OpenJDK 64-Bit Server VM Temurin-21.0.9+10 (21.0.9+10-LTS, mixed mode, sharing, tiered, compressed oops, compressed class ptrs, parallel gc, windows-amd64)
# No core dump will be written. Minidumps are not enabled by default on client versions of Windows
#

---------------  S U M M A R Y ------------

Command Line: --add-modules=ALL-SYSTEM --add-opens=java.base/java.util=ALL-UNNAMED --add-opens=java.base/java.lang=ALL-UNNAMED --add-opens=java.base/sun.nio.fs=ALL-UNNAMED -Declipse.application=org.eclipse.jdt.ls.core.id1 -Dosgi.bundles.defaultStartLevel=4 -Declipse.product=org.eclipse.jdt.ls.core.product -Djava.import.generatesMetadataFilesAtProjectRoot=false -DDetectVMInstallationsJob.disabled=true -Dfile.encoding=utf8 -XX:+UseParallelGC -XX:GCTimeRatio=4 -XX:AdaptiveSizePolicyWeight=90 -Dsun.zip.disableMemoryMapping=true -Xmx2G -Xms100m -Xlog:disable -javaagent:c:\Users\samsung\.cursor\extensions\redhat.java-1.50.0-win32-x64\lombok\lombok-1.18.39-4050.jar -XX:+HeapDumpOnOutOfMemoryError -XX:HeapDumpPath=c:\Users\samsung\AppData\Roaming\Cursor\User\workspaceStorage\0d764cb3fc9c11c868d3d4f9555d4918\redhat.java -Daether.dependencyCollector.impl=bf c:\Users\samsung\.cursor\extensions\redhat.java-1.50.0-win32-x64\server\plugins\org.eclipse.equinox.launcher_1.7.100.v20251111-0406.jar -configuration c:\Users\samsung\AppData\Roaming\Cursor\User\globalStorage\redhat.java\1.50.0\config_win -data c:\Users\samsung\AppData\Roaming\Cursor\User\workspaceStorage\0d764cb3fc9c11c868d3d4f9555d4918\redhat.java\jdt_ws --pipe=\\.\pipe\lsp-3e8260284440de46fd46bbfe4c746645-sock

Host: 13th Gen Intel(R) Core(TM) i5-1340P, 16 cores, 15G,  Windows 11 , 64 bit Build 26100 (10.0.26100.6725)
Time: Fri Dec 19 22:16:46 2025 elapsed time: 4084.333748 seconds (0d 1h 8m 4s)

---------------  T H R E A D  ---------------

Current thread (0x000001cf5416e260):  JavaThread "C2 CompilerThread0" daemon [_thread_in_native, id=2916, stack(0x00000030b5200000,0x00000030b5300000) (1024K)]


Current CompileTask:
C2:4084334 15683       4       org.eclipse.jdt.internal.compiler.classfmt.ModuleInfo::readModuleAttribute (1166 bytes)

Stack: [0x00000030b5200000,0x00000030b5300000]
Native frames: (J=compiled Java code, j=interpreted, Vv=VM code, C=native code)
V  [jvm.dll+0x6d6e29]
V  [jvm.dll+0x8b4b76]
V  [jvm.dll+0x8b712e]
V  [jvm.dll+0x8b7813]
V  [jvm.dll+0x283d86]
V  [jvm.dll+0xc66ed]
V  [jvm.dll+0xc6c31]
V  [jvm.dll+0x7028ed]
V  [jvm.dll+0x1e3e2a]
V  [jvm.dll+0x24c0f3]
V  [jvm.dll+0x24b580]
V  [jvm.dll+0x1cb13e]
V  [jvm.dll+0x25b29d]
V  [jvm.dll+0x25982a]
V  [jvm.dll+0x3f7ea6]
V  [jvm.dll+0x85e9ad]
V  [jvm.dll+0x6d565d]
C  [ucrtbase.dll+0x37b0]
C  [KERNEL32.DLL+0x2e8d7]
C  [ntdll.dll+0x8c53c]


---------------  P R O C E S S  ---------------

Threads class SMR info:
_java_thread_list=0x000001cf76706420, length=55, elements={
0x000001cf540be680, 0x000001cf6be29680, 0x000001cf6be2a490, 0x000001cf6be2f5d0,
0x000001cf6be32bb0, 0x000001cf6be338d0, 0x000001cf6be35310, 0x000001cf5416e260,
0x000001cf54170430, 0x000001cf6be33f60, 0x000001cf6be359a0, 0x000001cf6be345f0,
0x000001cf6be34c80, 0x000001cf6be32520, 0x000001cf6be33240, 0x000001cf720c9bc0,
0x000001cf720cd040, 0x000001cf720cc320, 0x000001cf720cc9b0, 0x000001cf720ca250,
0x000001cf720ca8e0, 0x000001cf720d0b50, 0x000001cf720cf7a0, 0x000001cf720cf110,
0x000001cf720d11e0, 0x000001cf720ce3f0, 0x000001cf73838b90, 0x000001cf73839220,
0x000001cf73839f40, 0x000001cf738398b0, 0x000001cf73836ac0, 0x000001cf7383a5d0,
0x000001cf73837150, 0x000001cf738377e0, 0x000001cf7383ac60, 0x000001cf7383b2f0,
0x000001cf73838500, 0x000001cf73837e70, 0x000001cf7383e0e0, 0x000001cf7383c010,
0x000001cf7383cd30, 0x000001cf42f2c260, 0x000001cf73d946d0, 0x000001cf76a08dc0,
0x000001cf76a09450, 0x000001cf76a0a800, 0x000001cf76a09ae0, 0x000001cf76a0a170,
0x000001cf76a080a0, 0x000001cf76a0ae90, 0x000001cf76a0bbb0, 0x000001cf76a08730,
0x000001cf76a0f6c0, 0x000001cf76a0c240, 0x000001cf73116ce0
}

Java Threads: ( => current thread )
  0x000001cf540be680 JavaThread "main"                              [_thread_blocked, id=16008, stack(0x00000030b4800000,0x00000030b4900000) (1024K)]
  0x000001cf6be29680 JavaThread "Reference Handler"          daemon [_thread_blocked, id=23064, stack(0x00000030b4c00000,0x00000030b4d00000) (1024K)]
  0x000001cf6be2a490 JavaThread "Finalizer"                  daemon [_thread_blocked, id=27104, stack(0x00000030b4d00000,0x00000030b4e00000) (1024K)]
  0x000001cf6be2f5d0 JavaThread "Signal Dispatcher"          daemon [_thread_blocked, id=30272, stack(0x00000030b4e00000,0x00000030b4f00000) (1024K)]
  0x000001cf6be32bb0 JavaThread "Attach Listener"            daemon [_thread_blocked, id=22536, stack(0x00000030b4f00000,0x00000030b5000000) (1024K)]
  0x000001cf6be338d0 JavaThread "Service Thread"             daemon [_thread_blocked, id=22052, stack(0x00000030b5000000,0x00000030b5100000) (1024K)]
  0x000001cf6be35310 JavaThread "Monitor Deflation Thread"   daemon [_thread_blocked, id=16636, stack(0x00000030b5100000,0x00000030b5200000) (1024K)]
=>0x000001cf5416e260 JavaThread "C2 CompilerThread0"         daemon [_thread_in_native, id=2916, stack(0x00000030b5200000,0x00000030b5300000) (1024K)]
  0x000001cf54170430 JavaThread "C1 CompilerThread0"         daemon [_thread_blocked, id=31020, stack(0x00000030b5300000,0x00000030b5400000) (1024K)]
  0x000001cf6be33f60 JavaThread "Common-Cleaner"             daemon [_thread_blocked, id=17796, stack(0x00000030b5700000,0x00000030b5800000) (1024K)]
  0x000001cf6be359a0 JavaThread "Notification Thread"        daemon [_thread_blocked, id=29588, stack(0x00000030b5800000,0x00000030b5900000) (1024K)]
  0x000001cf6be345f0 JavaThread "Active Thread: Equinox Container: 6a307eef-4608-4894-a3f7-537f0bc57ec4"        [_thread_blocked, id=18752, stack(0x00000030b5a00000,0x00000030b5b00000) (1024K)]
  0x000001cf6be34c80 JavaThread "Refresh Thread: Equinox Container: 6a307eef-4608-4894-a3f7-537f0bc57ec4" daemon [_thread_blocked, id=15396, stack(0x00000030b5400000,0x00000030b5500000) (1024K)]
  0x000001cf6be32520 JavaThread "Framework Event Dispatcher: Equinox Container: 6a307eef-4608-4894-a3f7-537f0bc57ec4" daemon [_thread_blocked, id=25604, stack(0x00000030b5500000,0x00000030b5600000) (1024K)]
  0x000001cf6be33240 JavaThread "Start Level: Equinox Container: 6a307eef-4608-4894-a3f7-537f0bc57ec4" daemon [_thread_blocked, id=26496, stack(0x00000030b5900000,0x00000030b5a00000) (1024K)]
  0x000001cf720c9bc0 JavaThread "Bundle File Closer"         daemon [_thread_blocked, id=30492, stack(0x00000030b6400000,0x00000030b6500000) (1024K)]
  0x000001cf720cd040 JavaThread "SCR Component Actor"        daemon [_thread_blocked, id=26660, stack(0x00000030b6500000,0x00000030b6600000) (1024K)]
  0x000001cf720cc320 JavaThread "Worker-JM"                         [_thread_blocked, id=24968, stack(0x00000030b6900000,0x00000030b6a00000) (1024K)]
  0x000001cf720cc9b0 JavaThread "JNA Cleaner"                daemon [_thread_blocked, id=18824, stack(0x00000030b6800000,0x00000030b6900000) (1024K)]
  0x000001cf720ca250 JavaThread "Worker-3"                          [_thread_blocked, id=31160, stack(0x00000030b7100000,0x00000030b7200000) (1024K)]
  0x000001cf720ca8e0 JavaThread "Java indexing"              daemon [_thread_blocked, id=27600, stack(0x00000030b7200000,0x00000030b7300000) (1024K)]
  0x000001cf720d0b50 JavaThread "Thread-1"                   daemon [_thread_in_native, id=19492, stack(0x00000030b7800000,0x00000030b7900000) (1024K)]
  0x000001cf720cf7a0 JavaThread "Thread-2"                   daemon [_thread_in_native, id=28084, stack(0x00000030b7900000,0x00000030b7a00000) (1024K)]
  0x000001cf720cf110 JavaThread "Thread-3"                   daemon [_thread_in_native, id=18452, stack(0x00000030b7a00000,0x00000030b7b00000) (1024K)]
  0x000001cf720d11e0 JavaThread "Thread-4"                   daemon [_thread_in_native, id=3992, stack(0x00000030b7b00000,0x00000030b7c00000) (1024K)]
  0x000001cf720ce3f0 JavaThread "Thread-5"                   daemon [_thread_in_native, id=23800, stack(0x00000030b7c00000,0x00000030b7d00000) (1024K)]
  0x000001cf73838b90 JavaThread "Thread-6"                   daemon [_thread_in_native, id=6588, stack(0x00000030b7d00000,0x00000030b7e00000) (1024K)]
  0x000001cf73839220 JavaThread "Thread-7"                   daemon [_thread_in_native, id=15012, stack(0x00000030b7e00000,0x00000030b7f00000) (1024K)]
  0x000001cf73839f40 JavaThread "Thread-8"                   daemon [_thread_in_native, id=28520, stack(0x00000030b7f00000,0x00000030b8000000) (1024K)]
  0x000001cf738398b0 JavaThread "Thread-9"                   daemon [_thread_in_native, id=27888, stack(0x00000030b8000000,0x00000030b8100000) (1024K)]
  0x000001cf73836ac0 JavaThread "Thread-10"                  daemon [_thread_in_native, id=8392, stack(0x00000030b8100000,0x00000030b8200000) (1024K)]
  0x000001cf7383a5d0 JavaThread "Thread-11"                  daemon [_thread_in_native, id=6148, stack(0x00000030b8200000,0x00000030b8300000) (1024K)]
  0x000001cf73837150 JavaThread "Thread-12"                  daemon [_thread_in_native, id=452, stack(0x00000030b8300000,0x00000030b8400000) (1024K)]
  0x000001cf738377e0 JavaThread "Thread-13"                  daemon [_thread_in_native, id=1548, stack(0x00000030b8400000,0x00000030b8500000) (1024K)]
  0x000001cf7383ac60 JavaThread "Thread-14"                  daemon [_thread_in_native, id=17248, stack(0x00000030b8500000,0x00000030b8600000) (1024K)]
  0x000001cf7383b2f0 JavaThread "Thread-15"                  daemon [_thread_in_native, id=19040, stack(0x00000030b8600000,0x00000030b8700000) (1024K)]
  0x000001cf73838500 JavaThread "Thread-16"                  daemon [_thread_in_native, id=11192, stack(0x00000030b8700000,0x00000030b8800000) (1024K)]
  0x000001cf73837e70 JavaThread "Thread-17"                  daemon [_thread_in_native, id=15900, stack(0x00000030b8800000,0x00000030b8900000) (1024K)]
  0x000001cf7383e0e0 JavaThread "pool-2-thread-1"                   [_thread_blocked, id=2940, stack(0x00000030b8b00000,0x00000030b8c00000) (1024K)]
  0x000001cf7383c010 JavaThread "WorkspaceEventsHandler"            [_thread_blocked, id=25676, stack(0x00000030b8c00000,0x00000030b8d00000) (1024K)]
  0x000001cf7383cd30 JavaThread "pool-1-thread-1"                   [_thread_blocked, id=5176, stack(0x00000030b8d00000,0x00000030b8e00000) (1024K)]
  0x000001cf42f2c260 JavaThread "Timer-0"                           [_thread_blocked, id=22320, stack(0x00000030b9000000,0x00000030b9100000) (1024K)]
  0x000001cf73d946d0 JavaThread "Worker-8"                          [_thread_blocked, id=10632, stack(0x00000030b4700000,0x00000030b4800000) (1024K)]
  0x000001cf76a08dc0 JavaThread "ForkJoinPool.commonPool-worker-20" daemon [_thread_in_Java, id=21404, stack(0x00000030b4600000,0x00000030b4700000) (1024K)]
  0x000001cf76a09450 JavaThread "Java Debug Server"          daemon [_thread_in_native, id=8984, stack(0x00000030b6a00000,0x00000030b6b00000) (1024K)]
  0x000001cf76a0a800 JavaThread "pool-3-thread-1"                   [_thread_in_native, id=8500, stack(0x00000030b6b00000,0x00000030b6c00000) (1024K)]
  0x000001cf76a09ae0 JavaThread "RxSchedulerPurge-1"         daemon [_thread_blocked, id=13980, stack(0x00000030b6c00000,0x00000030b6d00000) (1024K)]
  0x000001cf76a0a170 JavaThread "RxCachedWorkerPoolEvictor-1" daemon [_thread_blocked, id=29044, stack(0x00000030b6d00000,0x00000030b6e00000) (1024K)]
  0x000001cf76a080a0 JavaThread "RxNewThreadScheduler-1"     daemon [_thread_blocked, id=26264, stack(0x00000030b6e00000,0x00000030b6f00000) (1024K)]
  0x000001cf76a0ae90 JavaThread "Thread-24"                  daemon [_thread_in_native, id=27756, stack(0x00000030b7000000,0x00000030b7100000) (1024K)]
  0x000001cf76a0bbb0 JavaThread "Debuggee Stdout Handler"    daemon [_thread_in_native, id=25216, stack(0x00000030b7300000,0x00000030b7400000) (1024K)]
  0x000001cf76a08730 JavaThread "Debuggee Stderr Handler"    daemon [_thread_in_native, id=6608, stack(0x00000030b7400000,0x00000030b7500000) (1024K)]
  0x000001cf76a0f6c0 JavaThread "RxNewThreadScheduler-2"     daemon [_thread_blocked, id=29808, stack(0x00000030b7600000,0x00000030b7700000) (1024K)]
  0x000001cf76a0c240 JavaThread "ForkJoinPool.commonPool-worker-21" daemon [_thread_blocked, id=22180, stack(0x00000030b4500000,0x00000030b4600000) (1024K)]
  0x000001cf73116ce0 JavaThread "C2 CompilerThread1"         daemon [_thread_in_native, id=14504, stack(0x00000030b7500000,0x00000030b7600000) (1024K)]
Total: 55

Other Threads:
  0x000001cf54162a30 VMThread "VM Thread"                           [id=10904, stack(0x00000030b4b00000,0x00000030b4c00000) (1024K)]
  0x000001cf53f4ca00 WatcherThread "VM Periodic Task Thread"        [id=3372, stack(0x00000030b4a00000,0x00000030b4b00000) (1024K)]
  0x000001cf540dcc50 WorkerThread "GC Thread#0"                     [id=16316, stack(0x00000030b4900000,0x00000030b4a00000) (1024K)]
  0x000001cf6daa2200 WorkerThread "GC Thread#1"                     [id=16944, stack(0x00000030b5b00000,0x00000030b5c00000) (1024K)]
  0x000001cf6dee19f0 WorkerThread "GC Thread#2"                     [id=14136, stack(0x00000030b5c00000,0x00000030b5d00000) (1024K)]
  0x000001cf721b63d0 WorkerThread "GC Thread#3"                     [id=23188, stack(0x00000030b5d00000,0x00000030b5e00000) (1024K)]
  0x000001cf721b6b70 WorkerThread "GC Thread#4"                     [id=24464, stack(0x00000030b5e00000,0x00000030b5f00000) (1024K)]
  0x000001cf6de6b080 WorkerThread "GC Thread#5"                     [id=10132, stack(0x00000030b5f00000,0x00000030b6000000) (1024K)]
  0x000001cf6de6bc30 WorkerThread "GC Thread#6"                     [id=16308, stack(0x00000030b6000000,0x00000030b6100000) (1024K)]
  0x000001cf721ab070 WorkerThread "GC Thread#7"                     [id=16712, stack(0x00000030b5600000,0x00000030b5700000) (1024K)]
  0x000001cf6be60a70 WorkerThread "GC Thread#8"                     [id=30088, stack(0x00000030b6100000,0x00000030b6200000) (1024K)]
  0x000001cf6be5ff90 WorkerThread "GC Thread#9"                     [id=7328, stack(0x00000030b6200000,0x00000030b6300000) (1024K)]
  0x000001cf6be611b0 WorkerThread "GC Thread#10"                    [id=12304, stack(0x00000030b6300000,0x00000030b6400000) (1024K)]
  0x000001cf6be61550 WorkerThread "GC Thread#11"                    [id=3692, stack(0x00000030b6600000,0x00000030b6700000) (1024K)]
  0x000001cf6be618f0 WorkerThread "GC Thread#12"                    [id=10440, stack(0x00000030b6700000,0x00000030b6800000) (1024K)]
Total: 15

Threads with active compile tasks:
C2 CompilerThread0  4084435 15683       4       org.eclipse.jdt.internal.compiler.classfmt.ModuleInfo::readModuleAttribute (1166 bytes)
C2 CompilerThread1  4084435 15741       4       lombok.eclipse.handlers.EclipseHandlerUtil::injectMethod (250 bytes)
Total: 2

VM state: not at safepoint (normal execution)

VM Mutex/Monitor currently owned by a thread: None

Heap address: 0x0000000080000000, size: 2048 MB, Compressed Oops mode: 32-bit

CDS archive(s) mapped at: [0x000001cf00000000-0x000001cf00ba0000-0x000001cf00ba0000), size 12189696, SharedBaseAddress: 0x000001cf00000000, ArchiveRelocationMode: 1.
Compressed class space mapped at: 0x000001cf01000000-0x000001cf41000000, reserved size: 1073741824
Narrow klass base: 0x000001cf00000000, Narrow klass shift: 0, Narrow klass range: 0x100000000

GC Precious Log:
 CardTable entry size: 512
 CPUs: 16 total, 16 available
 Memory: 15943M
 Large Page Support: Disabled
 NUMA Support: Disabled
 Compressed Oops: Enabled (32-bit)
 Alignments: Space 512K, Generation 512K, Heap 2M
 Heap Min Capacity: 100M
 Heap Initial Capacity: 100M
 Heap Max Capacity: 2G
 Pre-touch: Disabled
 Parallel Workers: 13

Heap:
 PSYoungGen      total 2048K, used 1247K [0x00000000d5580000, 0x00000000d5880000, 0x0000000100000000)
  eden space 1536K, 64% used [0x00000000d5580000,0x00000000d5677c10,0x00000000d5700000)
  from space 512K, 50% used [0x00000000d5800000,0x00000000d5840000,0x00000000d5880000)
  to   space 512K, 0% used [0x00000000d5780000,0x00000000d5780000,0x00000000d5800000)
 ParOldGen       total 318464K, used 318138K [0x0000000080000000, 0x0000000093700000, 0x00000000d5580000)
  object space 318464K, 99% used [0x0000000080000000,0x00000000936aea70,0x0000000093700000)
 Metaspace       used 85593K, committed 87168K, reserved 1179648K
  class space    used 9505K, committed 10112K, reserved 1048576K

Card table byte_map: [0x000001cf53a60000,0x000001cf53e70000] _byte_map_base: 0x000001cf53660000

Marking Bits: (ParMarkBitMap*) 0x00007ffa89562460
 Begin Bits: [0x000001cf66570000, 0x000001cf68570000)
 End Bits:   [0x000001cf68570000, 0x000001cf6a570000)

Polling page: 0x000001cf51ed0000

Metaspace:

Usage:
  Non-class:     74.30 MB used.
      Class:      9.28 MB used.
       Both:     83.59 MB used.

Virtual space:
  Non-class space:      128.00 MB reserved,      75.25 MB ( 59%) committed,  2 nodes.
      Class space:        1.00 GB reserved,       9.88 MB ( <1%) committed,  1 nodes.
             Both:        1.12 GB reserved,      85.12 MB (  7%) committed. 

Chunk freelists:
   Non-Class:  4.46 MB
       Class:  5.94 MB
        Both:  10.40 MB

MaxMetaspaceSize: unlimited
CompressedClassSpaceSize: 1.00 GB
Initial GC threshold: 21.00 MB
Current GC threshold: 97.31 MB
CDS: on
 - commit_granule_bytes: 65536.
 - commit_granule_words: 8192.
 - virtual_space_node_default_size: 8388608.
 - enlarge_chunks_in_place: 1.
 - use_allocation_guard: 0.


Internal statistics:

num_allocs_failed_limit: 9.
num_arena_births: 1570.
num_arena_deaths: 28.
num_vsnodes_births: 3.
num_vsnodes_deaths: 0.
num_space_committed: 1362.
num_space_uncommitted: 0.
num_chunks_returned_to_freelist: 42.
num_chunks_taken_from_freelist: 5559.
num_chunk_merges: 11.
num_chunk_splits: 3368.
num_chunks_enlarged: 1883.
num_inconsistent_stats: 0.

CodeHeap 'non-profiled nmethods': size=119168Kb used=14108Kb max_used=14108Kb free=105060Kb
 bounds [0x000001cf5ee60000, 0x000001cf5fc30000, 0x000001cf662c0000]
CodeHeap 'profiled nmethods': size=119104Kb used=37784Kb max_used=37784Kb free=81320Kb
 bounds [0x000001cf572c0000, 0x000001cf597b0000, 0x000001cf5e710000]
CodeHeap 'non-nmethods': size=7488Kb used=1511Kb max_used=3291Kb free=5976Kb
 bounds [0x000001cf5e710000, 0x000001cf5ea60000, 0x000001cf5ee60000]
CodeCache: size=245760Kb, used=53403Kb, max_used=55183Kb, free=192356Kb
 total_blobs=15705, nmethods=14870, adapters=740, full_count=0
Compilation: enabled, stopped_count=0, restarted_count=0

Compilation events (20 events):
Event: 4084.067 Thread 0x000001cf54170430 nmethod 15734 0x000001cf597a3890 code [0x000001cf597a3a80, 0x000001cf597a3e68]
Event: 4084.067 Thread 0x000001cf54170430 15735       3       java.util.concurrent.CompletableFuture$UniCompletion::claim (34 bytes)
Event: 4084.067 Thread 0x000001cf54170430 nmethod 15735 0x000001cf597a3f90 code [0x000001cf597a4160, 0x000001cf597a4448]
Event: 4084.067 Thread 0x000001cf54170430 15736       3       java.util.concurrent.ForkJoinTask::compareAndSetForkJoinTaskTag (34 bytes)
Event: 4084.068 Thread 0x000001cf54170430 nmethod 15736 0x000001cf597a4510 code [0x000001cf597a46c0, 0x000001cf597a4948]
Event: 4084.068 Thread 0x000001cf54170430 15737       3       java.util.concurrent.ForkJoinTask::casStatus (13 bytes)
Event: 4084.068 Thread 0x000001cf54170430 nmethod 15737 0x000001cf597a4a10 code [0x000001cf597a4ba0, 0x000001cf597a4cc8]
Event: 4084.143 Thread 0x000001cf54170430 15738       3       org.eclipse.jdt.internal.compiler.parser.Parser::consumeSingleMemberAnnotation (150 bytes)
Event: 4084.145 Thread 0x000001cf54170430 nmethod 15738 0x000001cf597a4d90 code [0x000001cf597a4fe0, 0x000001cf597a5bb8]
Event: 4084.146 Thread 0x000001cf73116ce0 15718       4       org.eclipse.jdt.internal.core.util.CommentRecorderParser::flushCommentsDefinedPriorTo (260 bytes)
Event: 4084.152 Thread 0x000001cf73116ce0 nmethod 15718 0x000001cf5fc23b10 code [0x000001cf5fc23d20, 0x000001cf5fc24220]
Event: 4084.153 Thread 0x000001cf73116ce0 15724       4       org.eclipse.jdt.internal.compiler.lookup.ReferenceBinding::getTypeVariable (37 bytes)
Event: 4084.157 Thread 0x000001cf73116ce0 nmethod 15724 0x000001cf5fc24690 code [0x000001cf5fc24860, 0x000001cf5fc24c08]
Event: 4084.157 Thread 0x000001cf73116ce0 15739       4       java.lang.Class::getAnnotation (22 bytes)
Event: 4084.166 Thread 0x000001cf73116ce0 nmethod 15739 0x000001cf5fc24e10 code [0x000001cf5fc25000, 0x000001cf5fc25440]
Event: 4084.166 Thread 0x000001cf73116ce0 15697       4       org.eclipse.jdt.internal.compiler.lookup.TypeVariableBinding::setSuperInterfaces (65 bytes)
Event: 4084.167 Thread 0x000001cf73116ce0 nmethod 15697 0x000001cf5fc25790 code [0x000001cf5fc25920, 0x000001cf5fc25a08]
Event: 4084.247 Thread 0x000001cf73116ce0 15740       4       java.util.regex.Matcher::search (154 bytes)
Event: 4084.273 Thread 0x000001cf73116ce0 nmethod 15740 0x000001cf5fc25a90 code [0x000001cf5fc25cc0, 0x000001cf5fc26830]
Event: 4084.294 Thread 0x000001cf73116ce0 15741       4       lombok.eclipse.handlers.EclipseHandlerUtil::injectMethod (250 bytes)

GC Heap History (20 events):
Event: 4023.116 GC heap before
{Heap before GC invocations=445 (full 3):
 PSYoungGen      total 2048K, used 1808K [0x00000000d5580000, 0x00000000d5880000, 0x0000000100000000)
  eden space 1536K, 100% used [0x00000000d5580000,0x00000000d5700000,0x00000000d5700000)
  from space 512K, 53% used [0x00000000d5780000,0x00000000d57c4010,0x00000000d5800000)
  to   space 512K, 0% used [0x00000000d5800000,0x00000000d5800000,0x00000000d5880000)
 ParOldGen       total 315904K, used 315517K [0x0000000080000000, 0x0000000093480000, 0x00000000d5580000)
  object space 315904K, 99% used [0x0000000080000000,0x000000009341f528,0x0000000093480000)
 Metaspace       used 85495K, committed 87040K, reserved 1179648K
  class space    used 9504K, committed 10112K, reserved 1048576K
}
Event: 4023.117 GC heap after
{Heap after GC invocations=445 (full 3):
 PSYoungGen      total 2048K, used 384K [0x00000000d5580000, 0x00000000d5880000, 0x0000000100000000)
  eden space 1536K, 0% used [0x00000000d5580000,0x00000000d5580000,0x00000000d5700000)
  from space 512K, 75% used [0x00000000d5800000,0x00000000d5860000,0x00000000d5880000)
  to   space 512K, 0% used [0x00000000d5780000,0x00000000d5780000,0x00000000d5800000)
 ParOldGen       total 315904K, used 315629K [0x0000000080000000, 0x0000000093480000, 0x00000000d5580000)
  object space 315904K, 99% used [0x0000000080000000,0x000000009343b548,0x0000000093480000)
 Metaspace       used 85495K, committed 87040K, reserved 1179648K
  class space    used 9504K, committed 10112K, reserved 1048576K
}
Event: 4023.140 GC heap before
{Heap before GC invocations=446 (full 3):
 PSYoungGen      total 2048K, used 1920K [0x00000000d5580000, 0x00000000d5880000, 0x0000000100000000)
  eden space 1536K, 100% used [0x00000000d5580000,0x00000000d5700000,0x00000000d5700000)
  from space 512K, 75% used [0x00000000d5800000,0x00000000d5860000,0x00000000d5880000)
  to   space 512K, 0% used [0x00000000d5780000,0x00000000d5780000,0x00000000d5800000)
 ParOldGen       total 315904K, used 315629K [0x0000000080000000, 0x0000000093480000, 0x00000000d5580000)
  object space 315904K, 99% used [0x0000000080000000,0x000000009343b548,0x0000000093480000)
 Metaspace       used 85496K, committed 87040K, reserved 1179648K
  class space    used 9504K, committed 10112K, reserved 1048576K
}
Event: 4023.141 GC heap after
{Heap after GC invocations=446 (full 3):
 PSYoungGen      total 2048K, used 416K [0x00000000d5580000, 0x00000000d5880000, 0x0000000100000000)
  eden space 1536K, 0% used [0x00000000d5580000,0x00000000d5580000,0x00000000d5700000)
  from space 512K, 81% used [0x00000000d5780000,0x00000000d57e8000,0x00000000d5800000)
  to   space 512K, 0% used [0x00000000d5800000,0x00000000d5800000,0x00000000d5880000)
 ParOldGen       total 315904K, used 315773K [0x0000000080000000, 0x0000000093480000, 0x00000000d5580000)
  object space 315904K, 99% used [0x0000000080000000,0x000000009345f430,0x0000000093480000)
 Metaspace       used 85496K, committed 87040K, reserved 1179648K
  class space    used 9504K, committed 10112K, reserved 1048576K
}
Event: 4023.151 GC heap before
{Heap before GC invocations=447 (full 3):
 PSYoungGen      total 2048K, used 1952K [0x00000000d5580000, 0x00000000d5880000, 0x0000000100000000)
  eden space 1536K, 100% used [0x00000000d5580000,0x00000000d5700000,0x00000000d5700000)
  from space 512K, 81% used [0x00000000d5780000,0x00000000d57e8000,0x00000000d5800000)
  to   space 512K, 0% used [0x00000000d5800000,0x00000000d5800000,0x00000000d5880000)
 ParOldGen       total 315904K, used 315773K [0x0000000080000000, 0x0000000093480000, 0x00000000d5580000)
  object space 315904K, 99% used [0x0000000080000000,0x000000009345f430,0x0000000093480000)
 Metaspace       used 85522K, committed 87040K, reserved 1179648K
  class space    used 9504K, committed 10112K, reserved 1048576K
}
Event: 4023.152 GC heap after
{Heap after GC invocations=447 (full 3):
 PSYoungGen      total 2048K, used 512K [0x00000000d5580000, 0x00000000d5900000, 0x0000000100000000)
  eden space 1536K, 0% used [0x00000000d5580000,0x00000000d5580000,0x00000000d5700000)
  from space 512K, 100% used [0x00000000d5800000,0x00000000d5880000,0x00000000d5880000)
  to   space 1024K, 0% used [0x00000000d5700000,0x00000000d5700000,0x00000000d5800000)
 ParOldGen       total 316416K, used 316065K [0x0000000080000000, 0x0000000093500000, 0x00000000d5580000)
  object space 316416K, 99% used [0x0000000080000000,0x00000000934a8470,0x0000000093500000)
 Metaspace       used 85522K, committed 87040K, reserved 1179648K
  class space    used 9504K, committed 10112K, reserved 1048576K
}
Event: 4083.630 GC heap before
{Heap before GC invocations=448 (full 3):
 PSYoungGen      total 2048K, used 2047K [0x00000000d5580000, 0x00000000d5900000, 0x0000000100000000)
  eden space 1536K, 99% used [0x00000000d5580000,0x00000000d56ffff0,0x00000000d5700000)
  from space 512K, 100% used [0x00000000d5800000,0x00000000d5880000,0x00000000d5880000)
  to   space 1024K, 0% used [0x00000000d5700000,0x00000000d5700000,0x00000000d5800000)
 ParOldGen       total 316416K, used 316065K [0x0000000080000000, 0x0000000093500000, 0x00000000d5580000)
  object space 316416K, 99% used [0x0000000080000000,0x00000000934a8470,0x0000000093500000)
 Metaspace       used 85547K, committed 87104K, reserved 1179648K
  class space    used 9504K, committed 10112K, reserved 1048576K
}
Event: 4083.632 GC heap after
{Heap after GC invocations=448 (full 3):
 PSYoungGen      total 2560K, used 480K [0x00000000d5580000, 0x00000000d5900000, 0x0000000100000000)
  eden space 1536K, 0% used [0x00000000d5580000,0x00000000d5580000,0x00000000d5700000)
  from space 1024K, 46% used [0x00000000d5700000,0x00000000d5778040,0x00000000d5800000)
  to   space 1024K, 0% used [0x00000000d5800000,0x00000000d5800000,0x00000000d5900000)
 ParOldGen       total 316928K, used 316574K [0x0000000080000000, 0x0000000093580000, 0x00000000d5580000)
  object space 316928K, 99% used [0x0000000080000000,0x0000000093527a10,0x0000000093580000)
 Metaspace       used 85547K, committed 87104K, reserved 1179648K
  class space    used 9504K, committed 10112K, reserved 1048576K
}
Event: 4083.663 GC heap before
{Heap before GC invocations=449 (full 3):
 PSYoungGen      total 2560K, used 2016K [0x00000000d5580000, 0x00000000d5900000, 0x0000000100000000)
  eden space 1536K, 100% used [0x00000000d5580000,0x00000000d5700000,0x00000000d5700000)
  from space 1024K, 46% used [0x00000000d5700000,0x00000000d5778040,0x00000000d5800000)
  to   space 1024K, 0% used [0x00000000d5800000,0x00000000d5800000,0x00000000d5900000)
 ParOldGen       total 316928K, used 316574K [0x0000000080000000, 0x0000000093580000, 0x00000000d5580000)
  object space 316928K, 99% used [0x0000000080000000,0x0000000093527a10,0x0000000093580000)
 Metaspace       used 85548K, committed 87104K, reserved 1179648K
  class space    used 9504K, committed 10112K, reserved 1048576K
}
Event: 4083.665 GC heap after
{Heap after GC invocations=449 (full 3):
 PSYoungGen      total 2048K, used 288K [0x00000000d5580000, 0x00000000d5880000, 0x0000000100000000)
  eden space 1536K, 0% used [0x00000000d5580000,0x00000000d5580000,0x00000000d5700000)
  from space 512K, 56% used [0x00000000d5800000,0x00000000d5848000,0x00000000d5880000)
  to   space 512K, 0% used [0x00000000d5780000,0x00000000d5780000,0x00000000d5800000)
 ParOldGen       total 316928K, used 316753K [0x0000000080000000, 0x0000000093580000, 0x00000000d5580000)
  object space 316928K, 99% used [0x0000000080000000,0x0000000093554710,0x0000000093580000)
 Metaspace       used 85548K, committed 87104K, reserved 1179648K
  class space    used 9504K, committed 10112K, reserved 1048576K
}
Event: 4083.693 GC heap before
{Heap before GC invocations=450 (full 3):
 PSYoungGen      total 2048K, used 1824K [0x00000000d5580000, 0x00000000d5880000, 0x0000000100000000)
  eden space 1536K, 100% used [0x00000000d5580000,0x00000000d5700000,0x00000000d5700000)
  from space 512K, 56% used [0x00000000d5800000,0x00000000d5848000,0x00000000d5880000)
  to   space 512K, 0% used [0x00000000d5780000,0x00000000d5780000,0x00000000d5800000)
 ParOldGen       total 316928K, used 316753K [0x0000000080000000, 0x0000000093580000, 0x00000000d5580000)
  object space 316928K, 99% used [0x0000000080000000,0x0000000093554710,0x0000000093580000)
 Metaspace       used 85549K, committed 87104K, reserved 1179648K
  class space    used 9504K, committed 10112K, reserved 1048576K
}
Event: 4083.695 GC heap after
{Heap after GC invocations=450 (full 3):
 PSYoungGen      total 2048K, used 416K [0x00000000d5580000, 0x00000000d5880000, 0x0000000100000000)
  eden space 1536K, 0% used [0x00000000d5580000,0x00000000d5580000,0x00000000d5700000)
  from space 512K, 81% used [0x00000000d5780000,0x00000000d57e8000,0x00000000d5800000)
  to   space 512K, 0% used [0x00000000d5800000,0x00000000d5800000,0x00000000d5880000)
 ParOldGen       total 317440K, used 316942K [0x0000000080000000, 0x0000000093600000, 0x00000000d5580000)
  object space 317440K, 99% used [0x0000000080000000,0x0000000093583920,0x0000000093600000)
 Metaspace       used 85549K, committed 87104K, reserved 1179648K
  class space    used 9504K, committed 10112K, reserved 1048576K
}
Event: 4083.720 GC heap before
{Heap before GC invocations=451 (full 3):
 PSYoungGen      total 2048K, used 1952K [0x00000000d5580000, 0x00000000d5880000, 0x0000000100000000)
  eden space 1536K, 100% used [0x00000000d5580000,0x00000000d5700000,0x00000000d5700000)
  from space 512K, 81% used [0x00000000d5780000,0x00000000d57e8000,0x00000000d5800000)
  to   space 512K, 0% used [0x00000000d5800000,0x00000000d5800000,0x00000000d5880000)
 ParOldGen       total 317440K, used 316942K [0x0000000080000000, 0x0000000093600000, 0x00000000d5580000)
  object space 317440K, 99% used [0x0000000080000000,0x0000000093583920,0x0000000093600000)
 Metaspace       used 85556K, committed 87104K, reserved 1179648K
  class space    used 9504K, committed 10112K, reserved 1048576K
}
Event: 4083.722 GC heap after
{Heap after GC invocations=451 (full 3):
 PSYoungGen      total 2048K, used 512K [0x00000000d5580000, 0x00000000d5900000, 0x0000000100000000)
  eden space 1536K, 0% used [0x00000000d5580000,0x00000000d5580000,0x00000000d5700000)
  from space 512K, 100% used [0x00000000d5800000,0x00000000d5880000,0x00000000d5880000)
  to   space 1024K, 0% used [0x00000000d5700000,0x00000000d5700000,0x00000000d5800000)
 ParOldGen       total 317440K, used 317262K [0x0000000080000000, 0x0000000093600000, 0x00000000d5580000)
  object space 317440K, 99% used [0x0000000080000000,0x00000000935d3920,0x0000000093600000)
 Metaspace       used 85556K, committed 87104K, reserved 1179648K
  class space    used 9504K, committed 10112K, reserved 1048576K
}
Event: 4084.009 GC heap before
{Heap before GC invocations=452 (full 3):
 PSYoungGen      total 2048K, used 2048K [0x00000000d5580000, 0x00000000d5900000, 0x0000000100000000)
  eden space 1536K, 100% used [0x00000000d5580000,0x00000000d5700000,0x00000000d5700000)
  from space 512K, 100% used [0x00000000d5800000,0x00000000d5880000,0x00000000d5880000)
  to   space 1024K, 0% used [0x00000000d5700000,0x00000000d5700000,0x00000000d5800000)
 ParOldGen       total 317440K, used 317262K [0x0000000080000000, 0x0000000093600000, 0x00000000d5580000)
  object space 317440K, 99% used [0x0000000080000000,0x00000000935d3920,0x0000000093600000)
 Metaspace       used 85578K, committed 87168K, reserved 1179648K
  class space    used 9504K, committed 10112K, reserved 1048576K
}
Event: 4084.011 GC heap after
{Heap after GC invocations=452 (full 3):
 PSYoungGen      total 2560K, used 384K [0x00000000d5580000, 0x00000000d5880000, 0x0000000100000000)
  eden space 1536K, 0% used [0x00000000d5580000,0x00000000d5580000,0x00000000d5700000)
  from space 1024K, 37% used [0x00000000d5700000,0x00000000d5760000,0x00000000d5800000)
  to   space 512K, 0% used [0x00000000d5800000,0x00000000d5800000,0x00000000d5880000)
 ParOldGen       total 317952K, used 317694K [0x0000000080000000, 0x0000000093680000, 0x00000000d5580000)
  object space 317952K, 99% used [0x0000000080000000,0x000000009363f940,0x0000000093680000)
 Metaspace       used 85578K, committed 87168K, reserved 1179648K
  class space    used 9504K, committed 10112K, reserved 1048576K
}
Event: 4084.077 GC heap before
{Heap before GC invocations=453 (full 3):
 PSYoungGen      total 2560K, used 1920K [0x00000000d5580000, 0x00000000d5880000, 0x0000000100000000)
  eden space 1536K, 100% used [0x00000000d5580000,0x00000000d5700000,0x00000000d5700000)
  from space 1024K, 37% used [0x00000000d5700000,0x00000000d5760000,0x00000000d5800000)
  to   space 512K, 0% used [0x00000000d5800000,0x00000000d5800000,0x00000000d5880000)
 ParOldGen       total 317952K, used 317694K [0x0000000080000000, 0x0000000093680000, 0x00000000d5580000)
  object space 317952K, 99% used [0x0000000080000000,0x000000009363f940,0x0000000093680000)
 Metaspace       used 85592K, committed 87168K, reserved 1179648K
  class space    used 9505K, committed 10112K, reserved 1048576K
}
Event: 4084.079 GC heap after
{Heap after GC invocations=453 (full 3):
 PSYoungGen      total 2048K, used 288K [0x00000000d5580000, 0x00000000d5880000, 0x0000000100000000)
  eden space 1536K, 0% used [0x00000000d5580000,0x00000000d5580000,0x00000000d5700000)
  from space 512K, 56% used [0x00000000d5800000,0x00000000d5848000,0x00000000d5880000)
  to   space 512K, 0% used [0x00000000d5780000,0x00000000d5780000,0x00000000d5800000)
 ParOldGen       total 317952K, used 317878K [0x0000000080000000, 0x0000000093680000, 0x00000000d5580000)
  object space 317952K, 99% used [0x0000000080000000,0x000000009366d940,0x0000000093680000)
 Metaspace       used 85592K, committed 87168K, reserved 1179648K
  class space    used 9505K, committed 10112K, reserved 1048576K
}
Event: 4084.223 GC heap before
{Heap before GC invocations=454 (full 3):
 PSYoungGen      total 2048K, used 1824K [0x00000000d5580000, 0x00000000d5880000, 0x0000000100000000)
  eden space 1536K, 100% used [0x00000000d5580000,0x00000000d5700000,0x00000000d5700000)
  from space 512K, 56% used [0x00000000d5800000,0x00000000d5848000,0x00000000d5880000)
  to   space 512K, 0% used [0x00000000d5780000,0x00000000d5780000,0x00000000d5800000)
 ParOldGen       total 317952K, used 317878K [0x0000000080000000, 0x0000000093680000, 0x00000000d5580000)
  object space 317952K, 99% used [0x0000000080000000,0x000000009366d940,0x0000000093680000)
 Metaspace       used 85593K, committed 87168K, reserved 1179648K
  class space    used 9505K, committed 10112K, reserved 1048576K
}
Event: 4084.225 GC heap after
{Heap after GC invocations=454 (full 3):
 PSYoungGen      total 2048K, used 320K [0x00000000d5580000, 0x00000000d5880000, 0x0000000100000000)
  eden space 1536K, 0% used [0x00000000d5580000,0x00000000d5580000,0x00000000d5700000)
  from space 512K, 62% used [0x00000000d5780000,0x00000000d57d0000,0x00000000d5800000)
  to   space 512K, 0% used [0x00000000d5800000,0x00000000d5800000,0x00000000d5880000)
 ParOldGen       total 318464K, used 317998K [0x0000000080000000, 0x0000000093700000, 0x00000000d5580000)
  object space 318464K, 99% used [0x0000000080000000,0x000000009368b940,0x0000000093700000)
 Metaspace       used 85593K, committed 87168K, reserved 1179648K
  class space    used 9505K, committed 10112K, reserved 1048576K
}

Dll operation events (15 events):
Event: 0.016 Loaded shared library c:\Users\samsung\.cursor\extensions\redhat.java-1.50.0-win32-x64\jre\21.0.9-win32-x86_64\bin\java.dll
Event: 0.042 Loaded shared library c:\Users\samsung\.cursor\extensions\redhat.java-1.50.0-win32-x64\jre\21.0.9-win32-x86_64\bin\zip.dll
Event: 0.110 Loaded shared library C:\Users\samsung\.cursor\extensions\redhat.java-1.50.0-win32-x64\jre\21.0.9-win32-x86_64\bin\instrument.dll
Event: 0.116 Loaded shared library C:\Users\samsung\.cursor\extensions\redhat.java-1.50.0-win32-x64\jre\21.0.9-win32-x86_64\bin\net.dll
Event: 0.119 Loaded shared library C:\Users\samsung\.cursor\extensions\redhat.java-1.50.0-win32-x64\jre\21.0.9-win32-x86_64\bin\nio.dll
Event: 0.124 Loaded shared library C:\Users\samsung\.cursor\extensions\redhat.java-1.50.0-win32-x64\jre\21.0.9-win32-x86_64\bin\zip.dll
Event: 0.144 Loaded shared library C:\Users\samsung\.cursor\extensions\redhat.java-1.50.0-win32-x64\jre\21.0.9-win32-x86_64\bin\jimage.dll
Event: 0.264 Loaded shared library c:\Users\samsung\.cursor\extensions\redhat.java-1.50.0-win32-x64\jre\21.0.9-win32-x86_64\bin\verify.dll
Event: 11.547 Loaded shared library C:\Users\samsung\AppData\Roaming\Cursor\User\globalStorage\redhat.java\1.50.0\config_win\org.eclipse.equinox.launcher\org.eclipse.equinox.launcher.win32.win32.x86_64_1.2.1400.v20250801-0854\eclipse_11916.dll
Event: 36.745 Loaded shared library C:\Users\samsung\AppData\Local\Temp\jna-1864941562\jna10371930999234665990.dll
Event: 41.921 Loaded shared library C:\Users\samsung\.cursor\extensions\redhat.java-1.50.0-win32-x64\jre\21.0.9-win32-x86_64\bin\sunmscapi.dll
Event: 42.469 Loaded shared library C:\Users\samsung\.cursor\extensions\redhat.java-1.50.0-win32-x64\jre\21.0.9-win32-x86_64\bin\extnet.dll
Event: 54.413 Loaded shared library C:\Users\samsung\.gradle\native\c067742578af261105cb4f569cf0c3c89f3d7b1fecec35dd04571415982c5e48\windows-amd64\native-platform.dll
Event: 56.124 Loaded shared library C:\Users\samsung\.cursor\extensions\redhat.java-1.50.0-win32-x64\jre\21.0.9-win32-x86_64\bin\management.dll
Event: 56.151 Loaded shared library C:\Users\samsung\.cursor\extensions\redhat.java-1.50.0-win32-x64\jre\21.0.9-win32-x86_64\bin\management_ext.dll

Deoptimization events (20 events):
Event: 4076.210 Thread 0x000001cf76a0a170 DEOPT PACKING pc=0x000001cf58d50f9c sp=0x00000030b6dff3e0
Event: 4076.210 Thread 0x000001cf76a0a170 DEOPT UNPACKING pc=0x000001cf5e764242 sp=0x00000030b6dfe8a0 mode 0
Event: 4083.626 Thread 0x000001cf76a08dc0 Uncommon trap: trap_request=0xffffffd6 fr.pc=0x000001cf5fc0b608 relative=0x0000000000006b08
Event: 4083.626 Thread 0x000001cf76a08dc0 Uncommon trap: reason=array_check action=maybe_recompile pc=0x000001cf5fc0b608 method=org.eclipse.jdt.internal.compiler.classfmt.ModuleInfo.readModuleAttribute(I)V @ 1029 c2
Event: 4083.626 Thread 0x000001cf76a08dc0 DEOPT PACKING pc=0x000001cf5fc0b608 sp=0x00000030b46fe1d0
Event: 4083.626 Thread 0x000001cf76a08dc0 DEOPT UNPACKING pc=0x000001cf5e763aa2 sp=0x00000030b46fe178 mode 2
Event: 4083.626 Thread 0x000001cf76a08dc0 Uncommon trap: trap_request=0xffffffd6 fr.pc=0x000001cf5fc0b608 relative=0x0000000000006b08
Event: 4083.626 Thread 0x000001cf76a08dc0 Uncommon trap: reason=array_check action=maybe_recompile pc=0x000001cf5fc0b608 method=org.eclipse.jdt.internal.compiler.classfmt.ModuleInfo.readModuleAttribute(I)V @ 1029 c2
Event: 4083.626 Thread 0x000001cf76a08dc0 DEOPT PACKING pc=0x000001cf5fc0b608 sp=0x00000030b46fe1d0
Event: 4083.626 Thread 0x000001cf76a08dc0 DEOPT UNPACKING pc=0x000001cf5e763aa2 sp=0x00000030b46fe178 mode 2
Event: 4083.627 Thread 0x000001cf76a08dc0 Uncommon trap: trap_request=0xffffffd6 fr.pc=0x000001cf5fc0b608 relative=0x0000000000006b08
Event: 4083.627 Thread 0x000001cf76a08dc0 Uncommon trap: reason=array_check action=maybe_recompile pc=0x000001cf5fc0b608 method=org.eclipse.jdt.internal.compiler.classfmt.ModuleInfo.readModuleAttribute(I)V @ 1029 c2
Event: 4083.627 Thread 0x000001cf76a08dc0 DEOPT PACKING pc=0x000001cf5fc0b608 sp=0x00000030b46fe1d0
Event: 4083.627 Thread 0x000001cf76a08dc0 DEOPT UNPACKING pc=0x000001cf5e763aa2 sp=0x00000030b46fe178 mode 2
Event: 4083.627 Thread 0x000001cf76a08dc0 Uncommon trap: trap_request=0xffffffd6 fr.pc=0x000001cf5fc0b608 relative=0x0000000000006b08
Event: 4083.627 Thread 0x000001cf76a08dc0 Uncommon trap: reason=array_check action=maybe_recompile pc=0x000001cf5fc0b608 method=org.eclipse.jdt.internal.compiler.classfmt.ModuleInfo.readModuleAttribute(I)V @ 1029 c2
Event: 4083.627 Thread 0x000001cf76a08dc0 DEOPT PACKING pc=0x000001cf5fc0b608 sp=0x00000030b46fe1d0
Event: 4083.627 Thread 0x000001cf76a08dc0 DEOPT UNPACKING pc=0x000001cf5e763aa2 sp=0x00000030b46fe178 mode 2
Event: 4084.248 Thread 0x000001cf76a08dc0 DEOPT PACKING pc=0x000001cf5973dc27 sp=0x00000030b46fbb90
Event: 4084.248 Thread 0x000001cf76a08dc0 DEOPT UNPACKING pc=0x000001cf5e764242 sp=0x00000030b46fb050 mode 0

Classes loaded (20 events):
Event: 338.911 Loading class java/io/ObjectOutputStream$ReplaceTable
Event: 338.911 Loading class java/io/ObjectOutputStream$ReplaceTable done
Event: 4016.034 Loading class java/net/ServerSocket
Event: 4016.035 Loading class java/net/ServerSocket done
Event: 4016.068 Loading class java/lang/VerifyError
Event: 4016.068 Loading class java/lang/VerifyError done
Event: 4016.069 Loading class java/lang/ClassCircularityError
Event: 4016.069 Loading class java/lang/ClassCircularityError done
Event: 4016.310 Loading class java/time/Instant$1
Event: 4016.310 Loading class java/time/Instant$1 done
Event: 4016.317 Loading class java/util/stream/SliceOps
Event: 4016.318 Loading class java/util/stream/SliceOps done
Event: 4016.318 Loading class java/util/stream/SliceOps$1
Event: 4016.318 Loading class java/util/stream/SliceOps$1 done
Event: 4016.324 Loading class java/util/stream/SliceOps$1$1
Event: 4016.324 Loading class java/util/stream/SliceOps$1$1 done
Event: 4017.182 Loading class java/util/concurrent/ScheduledThreadPoolExecutor$DelayedWorkQueue$Itr
Event: 4017.182 Loading class java/util/concurrent/ScheduledThreadPoolExecutor$DelayedWorkQueue$Itr done
Event: 4018.490 Loading class java/util/regex/Pattern$Behind
Event: 4018.490 Loading class java/util/regex/Pattern$Behind done

Classes unloaded (14 events):
Event: 38.154 Thread 0x000001cf54162a30 Unloading class 0x000001cf011a4400 'java/lang/invoke/LambdaForm$MH+0x000001cf011a4400'
Event: 38.154 Thread 0x000001cf54162a30 Unloading class 0x000001cf011a4000 'java/lang/invoke/LambdaForm$MH+0x000001cf011a4000'
Event: 38.154 Thread 0x000001cf54162a30 Unloading class 0x000001cf011a3c00 'java/lang/invoke/LambdaForm$MH+0x000001cf011a3c00'
Event: 38.154 Thread 0x000001cf54162a30 Unloading class 0x000001cf011a3800 'java/lang/invoke/LambdaForm$MH+0x000001cf011a3800'
Event: 38.154 Thread 0x000001cf54162a30 Unloading class 0x000001cf011a3400 'java/lang/invoke/LambdaForm$BMH+0x000001cf011a3400'
Event: 38.154 Thread 0x000001cf54162a30 Unloading class 0x000001cf011a3000 'java/lang/invoke/LambdaForm$DMH+0x000001cf011a3000'
Event: 38.154 Thread 0x000001cf54162a30 Unloading class 0x000001cf011a2000 'java/lang/invoke/LambdaForm$DMH+0x000001cf011a2000'
Event: 41.045 Thread 0x000001cf54162a30 Unloading class 0x000001cf01308000 'java/lang/invoke/LambdaForm$MH+0x000001cf01308000'
Event: 41.045 Thread 0x000001cf54162a30 Unloading class 0x000001cf01307400 'java/lang/invoke/LambdaForm$MH+0x000001cf01307400'
Event: 41.045 Thread 0x000001cf54162a30 Unloading class 0x000001cf01303000 'java/lang/invoke/LambdaForm$MH+0x000001cf01303000'
Event: 41.045 Thread 0x000001cf54162a30 Unloading class 0x000001cf01302400 'java/lang/invoke/LambdaForm$MH+0x000001cf01302400'
Event: 41.045 Thread 0x000001cf54162a30 Unloading class 0x000001cf01301c00 'java/lang/invoke/LambdaForm$MH+0x000001cf01301c00'
Event: 41.045 Thread 0x000001cf54162a30 Unloading class 0x000001cf01301400 'java/lang/invoke/LambdaForm$MH+0x000001cf01301400'
Event: 41.045 Thread 0x000001cf54162a30 Unloading class 0x000001cf01300c00 'java/lang/invoke/LambdaForm$MH+0x000001cf01300c00'

Classes redefined (0 events):
No events

Internal exceptions (20 events):
Event: 4083.705 Thread 0x000001cf76a08dc0 Implicit null exception at 0x000001cf592ed41b to 0x000001cf592ed9d5
Event: 4083.705 Thread 0x000001cf76a08dc0 Exception <a 'java/lang/NullPointerException'{0x00000000d56398a8}> (0x00000000d56398a8) 
thrown [s\src\hotspot\share\runtime\sharedRuntime.cpp, line 625]
Event: 4083.705 Thread 0x000001cf76a08dc0 Implicit null exception at 0x000001cf592ed41b to 0x000001cf592ed9d5
Event: 4083.705 Thread 0x000001cf76a08dc0 Exception <a 'java/lang/NullPointerException'{0x00000000d563a810}> (0x00000000d563a810) 
thrown [s\src\hotspot\share\runtime\sharedRuntime.cpp, line 625]
Event: 4083.706 Thread 0x000001cf76a08dc0 Implicit null exception at 0x000001cf592ed41b to 0x000001cf592ed9d5
Event: 4083.706 Thread 0x000001cf76a08dc0 Exception <a 'java/lang/NullPointerException'{0x00000000d563c6e0}> (0x00000000d563c6e0) 
thrown [s\src\hotspot\share\runtime\sharedRuntime.cpp, line 625]
Event: 4083.706 Thread 0x000001cf76a08dc0 Implicit null exception at 0x000001cf592ed41b to 0x000001cf592ed9d5
Event: 4083.706 Thread 0x000001cf76a08dc0 Exception <a 'java/lang/NullPointerException'{0x00000000d5649f00}> (0x00000000d5649f00) 
thrown [s\src\hotspot\share\runtime\sharedRuntime.cpp, line 625]
Event: 4083.706 Thread 0x000001cf76a08dc0 Implicit null exception at 0x000001cf592ed41b to 0x000001cf592ed9d5
Event: 4083.706 Thread 0x000001cf76a08dc0 Exception <a 'java/lang/NullPointerException'{0x00000000d564b0f0}> (0x00000000d564b0f0) 
thrown [s\src\hotspot\share\runtime\sharedRuntime.cpp, line 625]
Event: 4083.706 Thread 0x000001cf76a08dc0 Implicit null exception at 0x000001cf592ed41b to 0x000001cf592ed9d5
Event: 4083.706 Thread 0x000001cf76a08dc0 Exception <a 'java/lang/NullPointerException'{0x00000000d564b7f8}> (0x00000000d564b7f8) 
thrown [s\src\hotspot\share\runtime\sharedRuntime.cpp, line 625]
Event: 4083.706 Thread 0x000001cf76a08dc0 Implicit null exception at 0x000001cf592ed41b to 0x000001cf592ed9d5
Event: 4083.706 Thread 0x000001cf76a08dc0 Exception <a 'java/lang/NullPointerException'{0x00000000d564c1b0}> (0x00000000d564c1b0) 
thrown [s\src\hotspot\share\runtime\sharedRuntime.cpp, line 625]
Event: 4083.706 Thread 0x000001cf76a08dc0 Implicit null exception at 0x000001cf592ed41b to 0x000001cf592ed9d5
Event: 4083.706 Thread 0x000001cf76a08dc0 Exception <a 'java/lang/NullPointerException'{0x00000000d5650108}> (0x00000000d5650108) 
thrown [s\src\hotspot\share\runtime\sharedRuntime.cpp, line 625]
Event: 4083.706 Thread 0x000001cf76a08dc0 Implicit null exception at 0x000001cf592ed41b to 0x000001cf592ed9d5
Event: 4083.706 Thread 0x000001cf76a08dc0 Exception <a 'java/lang/NullPointerException'{0x00000000d5650bc8}> (0x00000000d5650bc8) 
thrown [s\src\hotspot\share\runtime\sharedRuntime.cpp, line 625]
Event: 4083.811 Thread 0x000001cf76a08dc0 Implicit null exception at 0x000001cf592ed41b to 0x000001cf592ed9d5
Event: 4083.811 Thread 0x000001cf76a08dc0 Exception <a 'java/lang/NullPointerException'{0x00000000d56268a0}> (0x00000000d56268a0) 
thrown [s\src\hotspot\share\runtime\sharedRuntime.cpp, line 625]

ZGC Phase Switch (0 events):
No events

VM Operations (20 events):
Event: 4025.156 Executing VM operation: Cleanup
Event: 4025.156 Executing VM operation: Cleanup done
Event: 4026.164 Executing VM operation: Cleanup
Event: 4026.164 Executing VM operation: Cleanup done
Event: 4033.211 Executing VM operation: Cleanup
Event: 4033.211 Executing VM operation: Cleanup done
Event: 4083.629 Executing VM operation: ParallelGCFailedAllocation (Allocation Failure)
Event: 4083.632 Executing VM operation: ParallelGCFailedAllocation (Allocation Failure) done
Event: 4083.646 Executing VM operation: ParallelGCFailedAllocation (Allocation Failure)
Event: 4083.665 Executing VM operation: ParallelGCFailedAllocation (Allocation Failure) done
Event: 4083.693 Executing VM operation: ParallelGCFailedAllocation (Allocation Failure)
Event: 4083.695 Executing VM operation: ParallelGCFailedAllocation (Allocation Failure) done
Event: 4083.720 Executing VM operation: ParallelGCFailedAllocation (Allocation Failure)
Event: 4083.722 Executing VM operation: ParallelGCFailedAllocation (Allocation Failure) done
Event: 4084.009 Executing VM operation: ParallelGCFailedAllocation (Allocation Failure)
Event: 4084.011 Executing VM operation: ParallelGCFailedAllocation (Allocation Failure) done
Event: 4084.077 Executing VM operation: ParallelGCFailedAllocation (Allocation Failure)
Event: 4084.079 Executing VM operation: ParallelGCFailedAllocation (Allocation Failure) done
Event: 4084.223 Executing VM operation: ParallelGCFailedAllocation (Allocation Failure)
Event: 4084.225 Executing VM operation: ParallelGCFailedAllocation (Allocation Failure) done

Memory protections (0 events):
No events

Nmethod flushes (20 events):
Event: 46.547 Thread 0x000001cf54162a30 flushing  nmethod 0x000001cf57c78c90
Event: 46.547 Thread 0x000001cf54162a30 flushing osr nmethod 0x000001cf57c83610
Event: 46.547 Thread 0x000001cf54162a30 flushing  nmethod 0x000001cf57ca1110
Event: 46.547 Thread 0x000001cf54162a30 flushing  nmethod 0x000001cf57ca4a90
Event: 46.547 Thread 0x000001cf54162a30 flushing osr nmethod 0x000001cf57cb1110
Event: 46.547 Thread 0x000001cf54162a30 flushing  nmethod 0x000001cf57cb8a10
Event: 46.547 Thread 0x000001cf54162a30 flushing  nmethod 0x000001cf57cc6310
Event: 46.547 Thread 0x000001cf54162a30 flushing  nmethod 0x000001cf57cc9010
Event: 46.547 Thread 0x000001cf54162a30 flushing  nmethod 0x000001cf57ccc510
Event: 46.547 Thread 0x000001cf54162a30 flushing  nmethod 0x000001cf57cd7d90
Event: 46.547 Thread 0x000001cf54162a30 flushing osr nmethod 0x000001cf57cdd390
Event: 46.547 Thread 0x000001cf54162a30 flushing osr nmethod 0x000001cf57ce2d90
Event: 46.547 Thread 0x000001cf54162a30 flushing  nmethod 0x000001cf57d00b90
Event: 46.547 Thread 0x000001cf54162a30 flushing  nmethod 0x000001cf57d01190
Event: 46.547 Thread 0x000001cf54162a30 flushing  nmethod 0x000001cf57d01a10
Event: 46.547 Thread 0x000001cf54162a30 flushing  nmethod 0x000001cf57d02110
Event: 46.547 Thread 0x000001cf54162a30 flushing  nmethod 0x000001cf57d0b690
Event: 46.547 Thread 0x000001cf54162a30 flushing  nmethod 0x000001cf57d74210
Event: 46.547 Thread 0x000001cf54162a30 flushing  nmethod 0x000001cf57d7e310
Event: 46.547 Thread 0x000001cf54162a30 flushing  nmethod 0x000001cf57d83590

Events (20 events):
Event: 4016.423 Thread 0x000001cf76a080a0 Thread added: 0x000001cf76a08730
Event: 4016.430 Thread 0x000001cf73116ce0 Thread exited: 0x000001cf73116ce0
Event: 4017.120 Thread 0x000001cf54170430 Thread added: 0x000001cf73116ce0
Event: 4017.438 Thread 0x000001cf73116ce0 Thread exited: 0x000001cf73116ce0
Event: 4017.462 Thread 0x000001cf54170430 Thread added: 0x000001cf73116ce0
Event: 4017.465 Thread 0x000001cf54170430 Thread added: 0x000001cf72c7a6a0
Event: 4018.489 Thread 0x000001cf76a0bbb0 Thread added: 0x000001cf76a0f6c0
Event: 4018.495 Thread 0x000001cf72c7a6a0 Thread exited: 0x000001cf72c7a6a0
Event: 4018.692 Thread 0x000001cf73116ce0 Thread exited: 0x000001cf73116ce0
Event: 4022.888 Thread 0x000001cf54170430 Thread added: 0x000001cf73116ce0
Event: 4023.137 Thread 0x000001cf73116ce0 Thread exited: 0x000001cf73116ce0
Event: 4023.152 Thread 0x000001cf54170430 Thread added: 0x000001cf73116ce0
Event: 4023.152 Thread 0x000001cf54170430 Thread added: 0x000001cf72c7a6a0
Event: 4023.153 Thread 0x000001cf54170430 Thread added: 0x000001cf73714960
Event: 4024.650 Thread 0x000001cf72c7a6a0 Thread exited: 0x000001cf72c7a6a0
Event: 4024.650 Thread 0x000001cf73714960 Thread exited: 0x000001cf73714960
Event: 4025.693 Thread 0x000001cf73116ce0 Thread exited: 0x000001cf73116ce0
Event: 4083.171 Thread 0x000001cf76a0b520 Thread exited: 0x000001cf76a0b520
Event: 4083.633 Thread 0x000001cf7383cd30 Thread added: 0x000001cf76a0c240
Event: 4084.145 Thread 0x000001cf54170430 Thread added: 0x000001cf73116ce0


Dynamic libraries:
0x00007ff6958d0000 - 0x00007ff6958de000 	c:\Users\samsung\.cursor\extensions\redhat.java-1.50.0-win32-x64\jre\21.0.9-win32-x86_64\bin\java.exe
0x00007ffb3e040000 - 0x00007ffb3e2a8000 	C:\WINDOWS\SYSTEM32\ntdll.dll
0x00007ffb3c520000 - 0x00007ffb3c5e9000 	C:\WINDOWS\System32\KERNEL32.DLL
0x00007ffb3b790000 - 0x00007ffb3bb82000 	C:\WINDOWS\System32\KERNELBASE.dll
0x00007ffb3b270000 - 0x00007ffb3b3bb000 	C:\WINDOWS\System32\ucrtbase.dll
0x00007ffb14730000 - 0x00007ffb1474e000 	c:\Users\samsung\.cursor\extensions\redhat.java-1.50.0-win32-x64\jre\21.0.9-win32-x86_64\bin\VCRUNTIME140.dll
0x00007ffb16500000 - 0x00007ffb16518000 	c:\Users\samsung\.cursor\extensions\redhat.java-1.50.0-win32-x64\jre\21.0.9-win32-x86_64\bin\jli.dll
0x00007ffb3d580000 - 0x00007ffb3d745000 	C:\WINDOWS\System32\USER32.dll
0x00007ffb3b6b0000 - 0x00007ffb3b6d7000 	C:\WINDOWS\System32\win32u.dll
0x00007ffb3be10000 - 0x00007ffb3be3b000 	C:\WINDOWS\System32\GDI32.dll
0x00007ffb3bce0000 - 0x00007ffb3be0d000 	C:\WINDOWS\System32\gdi32full.dll
0x00007ffb3b6e0000 - 0x00007ffb3b783000 	C:\WINDOWS\System32\msvcp_win.dll
0x00007ffb22500000 - 0x00007ffb22793000 	C:\WINDOWS\WinSxS\amd64_microsoft.windows.common-controls_6595b64144ccf1df_6.0.26100.6899_none_3e0efeeae32e88c1\COMCTL32.dll
0x00007ffb3c250000 - 0x00007ffb3c2f9000 	C:\WINDOWS\System32\msvcrt.dll
0x00007ffb3c370000 - 0x00007ffb3c39f000 	C:\WINDOWS\System32\IMM32.DLL
0x00007ffb376b0000 - 0x00007ffb376bc000 	c:\Users\samsung\.cursor\extensions\redhat.java-1.50.0-win32-x64\jre\21.0.9-win32-x86_64\bin\vcruntime140_1.dll
0x00007ffaf1600000 - 0x00007ffaf168d000 	c:\Users\samsung\.cursor\extensions\redhat.java-1.50.0-win32-x64\jre\21.0.9-win32-x86_64\bin\msvcp140.dll
0x00007ffa888a0000 - 0x00007ffa89640000 	c:\Users\samsung\.cursor\extensions\redhat.java-1.50.0-win32-x64\jre\21.0.9-win32-x86_64\bin\server\jvm.dll
0x00007ffb3c190000 - 0x00007ffb3c244000 	C:\WINDOWS\System32\ADVAPI32.dll
0x00007ffb3c060000 - 0x00007ffb3c106000 	C:\WINDOWS\System32\sechost.dll
0x00007ffb3c3b0000 - 0x00007ffb3c4c8000 	C:\WINDOWS\System32\RPCRT4.dll
0x00007ffb3d500000 - 0x00007ffb3d574000 	C:\WINDOWS\System32\WS2_32.dll
0x00007ffb300b0000 - 0x00007ffb300e5000 	C:\WINDOWS\SYSTEM32\WINMM.dll
0x00007ffb27480000 - 0x00007ffb2748b000 	C:\WINDOWS\SYSTEM32\VERSION.dll
0x00007ffb3b030000 - 0x00007ffb3b08e000 	C:\WINDOWS\SYSTEM32\POWRPROF.dll
0x00007ffb3b010000 - 0x00007ffb3b024000 	C:\WINDOWS\SYSTEM32\UMPDC.dll
0x00007ffb39fa0000 - 0x00007ffb39fbb000 	C:\WINDOWS\SYSTEM32\kernel.appcore.dll
0x00007ffb271f0000 - 0x00007ffb271fa000 	c:\Users\samsung\.cursor\extensions\redhat.java-1.50.0-win32-x64\jre\21.0.9-win32-x86_64\bin\jimage.dll
0x00007ffb38960000 - 0x00007ffb38ba2000 	C:\WINDOWS\SYSTEM32\DBGHELP.DLL
0x00007ffb3d7e0000 - 0x00007ffb3db5b000 	C:\WINDOWS\System32\combase.dll
0x00007ffb3c840000 - 0x00007ffb3c917000 	C:\WINDOWS\System32\OLEAUT32.dll
0x00007ffb1f080000 - 0x00007ffb1f0bc000 	C:\WINDOWS\SYSTEM32\dbgcore.DLL
0x00007ffb3b1d0000 - 0x00007ffb3b268000 	C:\WINDOWS\System32\bcryptPrimitives.dll
0x00007ffb22860000 - 0x00007ffb2286f000 	c:\Users\samsung\.cursor\extensions\redhat.java-1.50.0-win32-x64\jre\21.0.9-win32-x86_64\bin\instrument.dll
0x00007ffb14440000 - 0x00007ffb14460000 	c:\Users\samsung\.cursor\extensions\redhat.java-1.50.0-win32-x64\jre\21.0.9-win32-x86_64\bin\java.dll
0x00007ffb3ca60000 - 0x00007ffb3d1ad000 	C:\WINDOWS\System32\SHELL32.dll
0x00007ffb3b3c0000 - 0x00007ffb3b52b000 	C:\WINDOWS\System32\wintypes.dll
0x00007ffb38e20000 - 0x00007ffb3967d000 	C:\WINDOWS\SYSTEM32\windows.storage.dll
0x00007ffb3d390000 - 0x00007ffb3d482000 	C:\WINDOWS\System32\SHCORE.dll
0x00007ffb3c300000 - 0x00007ffb3c362000 	C:\WINDOWS\System32\shlwapi.dll
0x00007ffb3b0f0000 - 0x00007ffb3b119000 	C:\WINDOWS\SYSTEM32\profapi.dll
0x00007ffb13f60000 - 0x00007ffb13f78000 	c:\Users\samsung\.cursor\extensions\redhat.java-1.50.0-win32-x64\jre\21.0.9-win32-x86_64\bin\zip.dll
0x00007ffb1ac40000 - 0x00007ffb1ac50000 	C:\Users\samsung\.cursor\extensions\redhat.java-1.50.0-win32-x64\jre\21.0.9-win32-x86_64\bin\net.dll
0x00007ffb32d40000 - 0x00007ffb32e5f000 	C:\WINDOWS\SYSTEM32\WINHTTP.dll
0x00007ffb3a510000 - 0x00007ffb3a57b000 	C:\WINDOWS\system32\mswsock.dll
0x00007ffb13f40000 - 0x00007ffb13f56000 	C:\Users\samsung\.cursor\extensions\redhat.java-1.50.0-win32-x64\jre\21.0.9-win32-x86_64\bin\nio.dll
0x00007ffb19510000 - 0x00007ffb19520000 	c:\Users\samsung\.cursor\extensions\redhat.java-1.50.0-win32-x64\jre\21.0.9-win32-x86_64\bin\verify.dll
0x00007ffb1c6f0000 - 0x00007ffb1c734000 	C:\Users\samsung\AppData\Roaming\Cursor\User\globalStorage\redhat.java\1.50.0\config_win\org.eclipse.equinox.launcher\org.eclipse.equinox.launcher.win32.win32.x86_64_1.2.1400.v20250801-0854\eclipse_11916.dll
0x00007ffb3be40000 - 0x00007ffb3bfd8000 	C:\WINDOWS\System32\ole32.dll
0x00007ffb3a7c0000 - 0x00007ffb3a7db000 	C:\WINDOWS\SYSTEM32\CRYPTSP.dll
0x00007ffb39f00000 - 0x00007ffb39f3b000 	C:\WINDOWS\system32\rsaenh.dll
0x00007ffb3a5b0000 - 0x00007ffb3a5db000 	C:\WINDOWS\SYSTEM32\USERENV.dll
0x00007ffb3b0c0000 - 0x00007ffb3b0e6000 	C:\WINDOWS\SYSTEM32\bcrypt.dll
0x00007ffb3ae40000 - 0x00007ffb3ae4c000 	C:\WINDOWS\SYSTEM32\CRYPTBASE.dll
0x00007ffb39af0000 - 0x00007ffb39b24000 	C:\WINDOWS\SYSTEM32\IPHLPAPI.DLL
0x00007ffb3db60000 - 0x00007ffb3db6a000 	C:\WINDOWS\System32\NSI.dll
0x00007ffb2aaf0000 - 0x00007ffb2ab39000 	C:\Users\samsung\AppData\Local\Temp\jna-1864941562\jna10371930999234665990.dll
0x00007ffb3c920000 - 0x00007ffb3c928000 	C:\WINDOWS\System32\PSAPI.DLL
0x00007ffb330a0000 - 0x00007ffb330be000 	C:\WINDOWS\SYSTEM32\dhcpcsvc6.DLL
0x00007ffb32ef0000 - 0x00007ffb32f13000 	C:\WINDOWS\SYSTEM32\dhcpcsvc.DLL
0x00007ffb2a770000 - 0x00007ffb2a77e000 	C:\Users\samsung\.cursor\extensions\redhat.java-1.50.0-win32-x64\jre\21.0.9-win32-x86_64\bin\sunmscapi.dll
0x00007ffb3b530000 - 0x00007ffb3b6a7000 	C:\WINDOWS\System32\CRYPT32.dll
0x00007ffb3a9d0000 - 0x00007ffb3aa00000 	C:\WINDOWS\SYSTEM32\ncrypt.dll
0x00007ffb3a980000 - 0x00007ffb3a9bf000 	C:\WINDOWS\SYSTEM32\NTASN1.dll
0x00007ffb39b30000 - 0x00007ffb39c56000 	C:\WINDOWS\SYSTEM32\DNSAPI.dll
0x00007ffb2ef90000 - 0x00007ffb2ef9b000 	C:\Windows\System32\rasadhlp.dll
0x00007ffb33310000 - 0x00007ffb33396000 	C:\WINDOWS\System32\fwpuclnt.dll
0x00007ffb1c6e0000 - 0x00007ffb1c6e9000 	C:\Users\samsung\.cursor\extensions\redhat.java-1.50.0-win32-x64\jre\21.0.9-win32-x86_64\bin\extnet.dll
0x00007ffb1c850000 - 0x00007ffb1c877000 	C:\Users\samsung\.gradle\native\c067742578af261105cb4f569cf0c3c89f3d7b1fecec35dd04571415982c5e48\windows-amd64\native-platform.dll
0x00007ffb2a7d0000 - 0x00007ffb2a7da000 	C:\Users\samsung\.cursor\extensions\redhat.java-1.50.0-win32-x64\jre\21.0.9-win32-x86_64\bin\management.dll
0x00007ffb2a7c0000 - 0x00007ffb2a7cc000 	C:\Users\samsung\.cursor\extensions\redhat.java-1.50.0-win32-x64\jre\21.0.9-win32-x86_64\bin\management_ext.dll

JVMTI agents:
c:\Users\samsung\.cursor\extensions\redhat.java-1.50.0-win32-x64\lombok\lombok-1.18.39-4050.jar path:c:\Users\samsung\.cursor\extensions\redhat.java-1.50.0-win32-x64\jre\21.0.9-win32-x86_64\bin\instrument.dll, loaded, initialized, instrumentlib options:none

dbghelp: loaded successfully - version: 4.0.5 - missing functions: none
symbol engine: initialized successfully - sym options: 0x614 - pdb path: .;c:\Users\samsung\.cursor\extensions\redhat.java-1.50.0-win32-x64\jre\21.0.9-win32-x86_64\bin;C:\WINDOWS\SYSTEM32;C:\WINDOWS\WinSxS\amd64_microsoft.windows.common-controls_6595b64144ccf1df_6.0.26100.6899_none_3e0efeeae32e88c1;c:\Users\samsung\.cursor\extensions\redhat.java-1.50.0-win32-x64\jre\21.0.9-win32-x86_64\bin\server;C:\Users\samsung\AppData\Roaming\Cursor\User\globalStorage\redhat.java\1.50.0\config_win\org.eclipse.equinox.launcher\org.eclipse.equinox.launcher.win32.win32.x86_64_1.2.1400.v20250801-0854;C:\Users\samsung\AppData\Local\Temp\jna-1864941562;C:\Users\samsung\.gradle\native\c067742578af261105cb4f569cf0c3c89f3d7b1fecec35dd04571415982c5e48\windows-amd64

VM Arguments:
jvm_args: --add-modules=ALL-SYSTEM --add-opens=java.base/java.util=ALL-UNNAMED --add-opens=java.base/java.lang=ALL-UNNAMED --add-opens=java.base/sun.nio.fs=ALL-UNNAMED -Declipse.application=org.eclipse.jdt.ls.core.id1 -Dosgi.bundles.defaultStartLevel=4 -Declipse.product=org.eclipse.jdt.ls.core.product -Djava.import.generatesMetadataFilesAtProjectRoot=false -DDetectVMInstallationsJob.disabled=true -Dfile.encoding=utf8 -XX:+UseParallelGC -XX:GCTimeRatio=4 -XX:AdaptiveSizePolicyWeight=90 -Dsun.zip.disableMemoryMapping=true -Xmx2G -Xms100m -Xlog:disable -javaagent:c:\Users\samsung\.cursor\extensions\redhat.java-1.50.0-win32-x64\lombok\lombok-1.18.39-4050.jar -XX:+HeapDumpOnOutOfMemoryError -XX:HeapDumpPath=c:\Users\samsung\AppData\Roaming\Cursor\User\workspaceStorage\0d764cb3fc9c11c868d3d4f9555d4918\redhat.java -Daether.dependencyCollector.impl=bf 
java_command: c:\Users\samsung\.cursor\extensions\redhat.java-1.50.0-win32-x64\server\plugins\org.eclipse.equinox.launcher_1.7.100.v20251111-0406.jar -configuration c:\Users\samsung\AppData\Roaming\Cursor\User\globalStorage\redhat.java\1.50.0\config_win -data c:\Users\samsung\AppData\Roaming\Cursor\User\workspaceStorage\0d764cb3fc9c11c868d3d4f9555d4918\redhat.java\jdt_ws --pipe=\\.\pipe\lsp-3e8260284440de46fd46bbfe4c746645-sock
java_class_path (initial): c:\Users\samsung\.cursor\extensions\redhat.java-1.50.0-win32-x64\server\plugins\org.eclipse.equinox.launcher_1.7.100.v20251111-0406.jar
Launcher Type: SUN_STANDARD

[Global flags]
    uintx AdaptiveSizePolicyWeight                 = 90                                        {product} {command line}
     intx CICompilerCount                          = 12                                        {product} {ergonomic}
    uintx GCTimeRatio                              = 4                                         {product} {command line}
     bool HeapDumpOnOutOfMemoryError               = true                                   {manageable} {command line}
    ccstr HeapDumpPath                             = c:\Users\samsung\AppData\Roaming\Cursor\User\workspaceStorage\0d764cb3fc9c11c868d3d4f9555d4918\redhat.java         {manageable} {command line}
   size_t InitialHeapSize                          = 104857600                                 {product} {command line}
   size_t MaxHeapSize                              = 2147483648                                {product} {command line}
   size_t MaxNewSize                               = 715653120                                 {product} {ergonomic}
   size_t MinHeapDeltaBytes                        = 524288                                    {product} {ergonomic}
   size_t MinHeapSize                              = 104857600                                 {product} {command line}
   size_t NewSize                                  = 34603008                                  {product} {ergonomic}
    uintx NonNMethodCodeHeapSize                   = 7602480                                {pd product} {ergonomic}
    uintx NonProfiledCodeHeapSize                  = 122027880                              {pd product} {ergonomic}
   size_t OldSize                                  = 70254592                                  {product} {ergonomic}
    uintx ProfiledCodeHeapSize                     = 122027880                              {pd product} {ergonomic}
    uintx ReservedCodeCacheSize                    = 251658240                              {pd product} {ergonomic}
     bool SegmentedCodeCache                       = true                                      {product} {ergonomic}
   size_t SoftMaxHeapSize                          = 2147483648                             {manageable} {ergonomic}
     bool UseCompressedOops                        = true                           {product lp64_product} {ergonomic}
     bool UseLargePagesIndividualAllocation        = false                                  {pd product} {ergonomic}
     bool UseParallelGC                            = true                                      {product} {command line}

Logging:
Log output configuration:
 #0: stdout all=off uptime,level,tags foldmultilines=false
 #1: stderr all=off uptime,level,tags foldmultilines=false

Release file:
JAVA_VERSION="21.0.9" 
MODULES="java.base java.compiler java.datatransfer java.xml java.prefs java.desktop java.instrument java.logging java.management java.security.sasl java.naming java.rmi java.management.rmi java.net.http java.scripting java.security.jgss java.transaction.xa java.sql java.sql.rowset java.xml.crypto java.se java.smartcardio jdk.accessibility jdk.internal.jvmstat jdk.attach jdk.charsets jdk.internal.opt jdk.zipfs jdk.compiler jdk.crypto.ec jdk.crypto.cryptoki jdk.crypto.mscapi jdk.dynalink jdk.internal.ed jdk.editpad jdk.hotspot.agent jdk.httpserver jdk.internal.le jdk.internal.vm.ci jdk.internal.vm.compiler jdk.internal.vm.compiler.management jdk.jartool jdk.javadoc jdk.jcmd jdk.management jdk.management.agent jdk.jconsole jdk.jdeps jdk.jdwp.agent jdk.jdi jdk.jfr jdk.jshell jdk.jsobject jdk.jstatd jdk.localedata jdk.management.jfr jdk.naming.dns jdk.naming.rmi jdk.net jdk.nio.mapmode jdk.random jdk.sctp jdk.security.auth jdk.security.jgss jdk.unsupported jdk.unsupported.desktop jdk.xml.dom" 

Environment Variables:
JAVA_HOME=C:\workspace\tools\jdk-21
PATH=C:\Python313\Scripts\;C:\Python313\;C:\WINDOWS\system32;C:\WINDOWS;C:\WINDOWS\System32\Wbem;C:\WINDOWS\System32\WindowsPowerShell\v1.0\;C:\WINDOWS\System32\OpenSSH\;C:\Program Files (x86)\ePapyrus\Papyrus-PlugIn-xfa;C:\Program Files (x86)\ePapyrus\Papyrus-PlugIn-xfa\Addins;C:\workspace\tools\jdk-21\bin;C:\workspace\tools\jdk-21\bin;C:\ProgramData\chocolatey\bin;C:\Program Files\Git\cmd;C:\Program Files\Docker\Docker\resources\bin;C:\workspace\tools\jdk-21\bin;C:\workspace\tools\flutter\bin;C:\Program Files\nodejs\;C:\Program Files\cursor\resources\app\bin;C:\Windows\System32;C:\Windows;C:\Windows\System32\Wbem;C:\Program Files\Amazon\AWSCLIV2\;C:\Users\samsung\AppData\Local\Programs\oh-my-posh\bin\;C:\Users\samsung\AppData\Local\Programs\Python\Python311\Scripts\;C:\Users\samsung\AppData\Local\Programs\Python\Python311\;C:\Users\samsung\AppData\Local\Programs\Python\Python313\Scripts\;C:\Users\samsung\AppData\Local\Programs\Python\Python313\;C:\Users\samsung\AppData\Local\Programs\Python\Launcher\;C:\Users\samsung\AppData\Local\Microsoft\WindowsApps;C:\Users\samsung\AppData\Local\Programs\cursor\resources\app\bin;C:\Users\samsung\AppData\Roaming\npm;C:\Users\samsung\AppData\Local\Programs\Antigravity\bin
USERNAME=samsung
OS=Windows_NT
PROCESSOR_IDENTIFIER=Intel64 Family 6 Model 186 Stepping 2, GenuineIntel
TMP=C:\Users\samsung\AppData\Local\Temp
TEMP=C:\Users\samsung\AppData\Local\Temp




Periodic native trim disabled

---------------  S Y S T E M  ---------------

OS:
 Windows 11 , 64 bit Build 26100 (10.0.26100.6725)
OS uptime: 2 days 2:14 hours
Hyper-V role detected

CPU: total 16 (initial active 16) (8 cores per cpu, 2 threads per core) family 6 model 186 stepping 2 microcode 0x410e, cx8, cmov, fxsr, ht, mmx, 3dnowpref, sse, sse2, sse3, ssse3, sse4.1, sse4.2, popcnt, lzcnt, tsc, tscinvbit, avx, avx2, aes, erms, clmul, bmi1, bmi2, adx, sha, fma, vzeroupper, clflush, clflushopt, clwb, hv, serialize, rdtscp, rdpid, fsrm, f16c, cet_ibt, cet_ss
Processor Information for processor 0
  Max Mhz: 1900, Current Mhz: 1900, Mhz Limit: 1900
Processor Information for processor 1
  Max Mhz: 1900, Current Mhz: 1504, Mhz Limit: 1900
Processor Information for processor 2
  Max Mhz: 1900, Current Mhz: 1900, Mhz Limit: 1900
Processor Information for processor 3
  Max Mhz: 1900, Current Mhz: 1900, Mhz Limit: 1900
Processor Information for processor 4
  Max Mhz: 1900, Current Mhz: 1900, Mhz Limit: 1900
Processor Information for processor 5
  Max Mhz: 1900, Current Mhz: 1900, Mhz Limit: 1900
Processor Information for processor 6
  Max Mhz: 1900, Current Mhz: 1900, Mhz Limit: 1900
Processor Information for processor 7
  Max Mhz: 1900, Current Mhz: 1900, Mhz Limit: 1900
Processor Information for processor 8
  Max Mhz: 1900, Current Mhz: 1400, Mhz Limit: 1387
Processor Information for processor 9
  Max Mhz: 1900, Current Mhz: 1400, Mhz Limit: 1387
Processor Information for processor 10
  Max Mhz: 1900, Current Mhz: 1400, Mhz Limit: 1387
Processor Information for processor 11
  Max Mhz: 1900, Current Mhz: 1400, Mhz Limit: 1387
Processor Information for processor 12
  Max Mhz: 1900, Current Mhz: 1400, Mhz Limit: 1387
Processor Information for processor 13
  Max Mhz: 1900, Current Mhz: 1400, Mhz Limit: 1387
Processor Information for processor 14
  Max Mhz: 1900, Current Mhz: 1400, Mhz Limit: 1387
Processor Information for processor 15
  Max Mhz: 1900, Current Mhz: 1400, Mhz Limit: 1387

Memory: 4k page, system-wide physical 15943M (1076M free)
TotalPageFile size 24981M (AvailPageFile size 35M)
current process WorkingSet (physical memory assigned to process): 268M, peak: 602M
current process commit charge ("private bytes"): 693M, peak: 738M

vm_info: OpenJDK 64-Bit Server VM (21.0.9+10-LTS) for windows-amd64 JRE (21.0.9+10-LTS), built on 2025-10-21T00:00:00Z by "admin" with unknown MS VC++:1942

END.
